warning: should not update a temporary guarded metric
  --> $DIR/temporary_guarded_metric.rs:31:5
   |
LL |     metrics.with_guarded_label_values(&labels).set(1);
   |     ^^^^^^^^^^^^^^^^^^^^^^^^^^^^^^^^^^^^^^^^^^^^^^^^^
   |
help: store the value returned by `with_guarded_label_values` so the label guard lives long enough
  --> $DIR/temporary_guarded_metric.rs:31:48
   |
LL |     metrics.with_guarded_label_values(&labels).set(1);
   |                                                ^^^^^^
note: the lint level is defined here
  --> $DIR/temporary_guarded_metric.rs:3:9
   |
LL | #![warn(rw::temporary_guarded_metric)]
   |         ^^^^^^^^^^^^^^^^^^^^^^^^^^^^

warning: should not update a temporary guarded metric
  --> $DIR/temporary_guarded_metric.rs:33:5
   |
LL |     metrics.with_guarded_label_values(&labels).inc();
   |     ^^^^^^^^^^^^^^^^^^^^^^^^^^^^^^^^^^^^^^^^^^^^^^^^
   |
help: store the value returned by `with_guarded_label_values` so the label guard lives long enough
  --> $DIR/temporary_guarded_metric.rs:33:48
   |
LL |     metrics.with_guarded_label_values(&labels).inc();
   |                                                ^^^^^

warning: should not update a temporary guarded metric
  --> $DIR/temporary_guarded_metric.rs:35:5
   |
LL |     metrics.with_guarded_label_values(&labels).observe(1.0);
   |     ^^^^^^^^^^^^^^^^^^^^^^^^^^^^^^^^^^^^^^^^^^^^^^^^^^^^^^^
   |
help: store the value returned by `with_guarded_label_values` so the label guard lives long enough
  --> $DIR/temporary_guarded_metric.rs:35:48
   |
LL |     metrics.with_guarded_label_values(&labels).observe(1.0);
   |                                                ^^^^^^^^^^^^

warning: 3 warnings emitted

